{"level":"\u001b[31merror\u001b[39m","message":"\u001b[31mError starting server: isDev is not defined\u001b[39m","timestamp":"2025-08-14 01:43:10:4310"}
{"level":"\u001b[31merror\u001b[39m","message":"\u001b[31mError starting server: isDev is not defined\u001b[39m","timestamp":"2025-08-14 01:43:43:4343"}
{"level":"\u001b[31merror\u001b[39m","message":"\u001b[31mError starting server: isDev is not defined\u001b[39m","timestamp":"2025-08-14 01:45:46:4546"}
{"level":"\u001b[31merror\u001b[39m","message":"\u001b[31mError starting server: isDev is not defined\u001b[39m","timestamp":"2025-08-14 01:49:58:4958"}
{"level":"\u001b[31merror\u001b[39m","message":"\u001b[31mError starting server: isDev is not defined\u001b[39m","timestamp":"2025-08-14 01:52:58:5258"}
{"level":"\u001b[31merror\u001b[39m","message":"\u001b[31mError starting server: isDev is not defined\u001b[39m","timestamp":"2025-08-14 01:53:52:5352"}
{"level":"\u001b[31merror\u001b[39m","message":"\u001b[31mError starting server: Unknown constraint error\u001b[39m","timestamp":"2025-08-14 02:00:06:06"}
{"level":"\u001b[31merror\u001b[39m","message":"\u001b[31mError starting server: Unknown constraint error\u001b[39m","timestamp":"2025-08-14 02:00:06:06"}
{"level":"\u001b[31merror\u001b[39m","message":"\u001b[31mError starting server: Unknown constraint error\u001b[39m","timestamp":"2025-08-14 02:00:06:06"}
{"level":"\u001b[31merror\u001b[39m","message":"\u001b[31mError starting server: Unknown constraint error\u001b[39m","timestamp":"2025-08-14 02:00:06:06"}
{"level":"\u001b[31merror\u001b[39m","message":"\u001b[31mError starting server: Unknown constraint error\u001b[39m","timestamp":"2025-08-14 02:00:06:06"}
{"level":"\u001b[31merror\u001b[39m","message":"\u001b[31mError starting server: Unknown constraint error\u001b[39m","timestamp":"2025-08-14 02:00:06:06"}
{"level":"\u001b[31merror\u001b[39m","message":"\u001b[31mError starting server: Unknown constraint error\u001b[39m","timestamp":"2025-08-14 02:00:06:06"}
{"level":"\u001b[31merror\u001b[39m","message":"\u001b[31mError starting server: Unknown constraint error\u001b[39m","timestamp":"2025-08-14 02:00:06:06"}
{"level":"\u001b[31merror\u001b[39m","message":"\u001b[31mError starting server: Unknown constraint error\u001b[39m","timestamp":"2025-08-14 02:00:06:06"}
{"level":"\u001b[31merror\u001b[39m","message":"\u001b[31mError starting server: Unknown constraint error\u001b[39m","timestamp":"2025-08-14 02:00:14:014"}
{"level":"\u001b[31merror\u001b[39m","message":"\u001b[31mError starting server: Unknown constraint error\u001b[39m","timestamp":"2025-08-14 02:00:14:014"}
{"level":"\u001b[31merror\u001b[39m","message":"\u001b[31mError starting server: Unknown constraint error\u001b[39m","timestamp":"2025-08-14 02:00:14:014"}
{"level":"\u001b[31merror\u001b[39m","message":"\u001b[31mError starting server: Unknown constraint error\u001b[39m","timestamp":"2025-08-14 02:00:14:014"}
{"level":"\u001b[31merror\u001b[39m","message":"\u001b[31mError starting server: isDev is not defined\u001b[39m","timestamp":"2025-08-14 02:00:16:016"}
{"level":"\u001b[31merror\u001b[39m","message":"\u001b[31mError starting server: Unknown constraint error\u001b[39m","timestamp":"2025-08-14 02:00:19:019"}
{"level":"\u001b[31merror\u001b[39m","message":"\u001b[31mError starting server: Unknown constraint error\u001b[39m","timestamp":"2025-08-14 02:00:22:022"}
{"level":"\u001b[31merror\u001b[39m","message":"\u001b[31mError starting server: Cannot read properties of null (reading '1')\u001b[39m","timestamp":"2025-08-14 02:00:23:023"}
{"level":"\u001b[31merror\u001b[39m","message":"\u001b[31mError starting server: isDev is not defined\u001b[39m","timestamp":"2025-08-14 02:00:24:024"}
{"level":"\u001b[31merror\u001b[39m","message":"\u001b[31mError starting server: isDev is not defined\u001b[39m","timestamp":"2025-08-14 02:00:25:025"}
{"level":"\u001b[31merror\u001b[39m","message":"\u001b[31mError starting server: cache lookup failed for attribute 1 of relation 685571\u001b[39m","timestamp":"2025-08-14 02:00:25:025"}
{"level":"\u001b[31merror\u001b[39m","message":"\u001b[31mError starting server: Unknown constraint error\u001b[39m","timestamp":"2025-08-14 02:00:32:032"}
{"level":"\u001b[31merror\u001b[39m","message":"\u001b[31mError starting server: isDev is not defined\u001b[39m","timestamp":"2025-08-14 02:00:32:032"}
{"level":"\u001b[31merror\u001b[39m","message":"\u001b[31mError starting server: isDev is not defined\u001b[39m","timestamp":"2025-08-14 02:00:32:032"}
{"level":"\u001b[31merror\u001b[39m","message":"\u001b[31mError starting server: isDev is not defined\u001b[39m","timestamp":"2025-08-14 02:00:34:034"}
{"level":"\u001b[31merror\u001b[39m","message":"\u001b[31mError starting server: Unknown constraint error\u001b[39m","timestamp":"2025-08-14 02:00:35:035"}
{"level":"\u001b[31merror\u001b[39m","message":"\u001b[31mError starting server: Unknown constraint error\u001b[39m","timestamp":"2025-08-14 02:00:35:035"}
{"level":"\u001b[31merror\u001b[39m","message":"\u001b[31mError starting server: isDev is not defined\u001b[39m","timestamp":"2025-08-14 02:00:39:039"}
{"level":"\u001b[31merror\u001b[39m","message":"\u001b[31mError starting server: Unknown constraint error\u001b[39m","timestamp":"2025-08-14 02:00:40:040"}
{"level":"\u001b[31merror\u001b[39m","message":"\u001b[31mError starting server: isDev is not defined\u001b[39m","timestamp":"2025-08-14 02:00:40:040"}
{"level":"\u001b[31merror\u001b[39m","message":"\u001b[31mError starting server: Unknown constraint error\u001b[39m","timestamp":"2025-08-14 02:00:41:041"}
{"level":"\u001b[31merror\u001b[39m","message":"\u001b[31mError starting server: isDev is not defined\u001b[39m","timestamp":"2025-08-14 02:00:42:042"}
{"level":"\u001b[31merror\u001b[39m","message":"\u001b[31mError starting server: Unknown constraint error\u001b[39m","timestamp":"2025-08-14 02:00:44:044"}
{"level":"\u001b[31merror\u001b[39m","message":"\u001b[31mError starting server: isDev is not defined\u001b[39m","timestamp":"2025-08-14 02:00:50:050"}
{"level":"\u001b[31merror\u001b[39m","message":"\u001b[31mError starting server: cache lookup failed for attribute 1 of relation 694872\u001b[39m","timestamp":"2025-08-14 02:00:50:050"}
{"level":"\u001b[31merror\u001b[39m","message":"\u001b[31mError starting server: isDev is not defined\u001b[39m","timestamp":"2025-08-14 02:00:50:050"}
{"level":"\u001b[31merror\u001b[39m","message":"\u001b[31mError starting server: isDev is not defined\u001b[39m","timestamp":"2025-08-14 02:00:52:052"}
{"level":"\u001b[31merror\u001b[39m","message":"\u001b[31mError starting server: Unknown constraint error\u001b[39m","timestamp":"2025-08-14 02:00:52:052"}
{"level":"\u001b[31merror\u001b[39m","message":"\u001b[31mError starting server: Unknown constraint error\u001b[39m","timestamp":"2025-08-14 02:00:58:058"}
{"level":"\u001b[31merror\u001b[39m","message":"\u001b[31mError starting server: Unknown constraint error\u001b[39m","timestamp":"2025-08-14 02:00:58:058"}
{"level":"\u001b[31merror\u001b[39m","message":"\u001b[31mError starting server: isDev is not defined\u001b[39m","timestamp":"2025-08-14 02:00:58:058"}
{"level":"\u001b[31merror\u001b[39m","message":"\u001b[31mError starting server: isDev is not defined\u001b[39m","timestamp":"2025-08-14 02:01:01:11"}
{"level":"\u001b[31merror\u001b[39m","message":"\u001b[31mError starting server: Unknown constraint error\u001b[39m","timestamp":"2025-08-14 02:01:06:16"}
{"level":"\u001b[31merror\u001b[39m","message":"\u001b[31mError starting server: isDev is not defined\u001b[39m","timestamp":"2025-08-14 02:01:09:19"}
{"level":"\u001b[31merror\u001b[39m","message":"\u001b[31mError starting server: isDev is not defined\u001b[39m","timestamp":"2025-08-14 02:01:10:110"}
{"level":"\u001b[31merror\u001b[39m","message":"\u001b[31mError starting server: Unknown constraint error\u001b[39m","timestamp":"2025-08-14 02:01:10:110"}
{"level":"\u001b[31merror\u001b[39m","message":"\u001b[31mError starting server: isDev is not defined\u001b[39m","timestamp":"2025-08-14 02:01:11:111"}
{"level":"\u001b[31merror\u001b[39m","message":"\u001b[31mError starting server: isDev is not defined\u001b[39m","timestamp":"2025-08-14 02:01:16:116"}
{"level":"\u001b[31merror\u001b[39m","message":"\u001b[31mError starting server: Unknown constraint error\u001b[39m","timestamp":"2025-08-14 02:01:20:120"}
{"level":"\u001b[31merror\u001b[39m","message":"\u001b[31mError starting server: isDev is not defined\u001b[39m","timestamp":"2025-08-14 02:01:20:120"}
{"level":"\u001b[31merror\u001b[39m","message":"\u001b[31mError starting server: Unknown constraint error\u001b[39m","timestamp":"2025-08-14 02:01:22:122"}
{"level":"\u001b[31merror\u001b[39m","message":"\u001b[31mError starting server: isDev is not defined\u001b[39m","timestamp":"2025-08-14 02:01:24:124"}
{"level":"\u001b[31merror\u001b[39m","message":"\u001b[31mError starting server: isDev is not defined\u001b[39m","timestamp":"2025-08-14 02:01:27:127"}
{"level":"\u001b[31merror\u001b[39m","message":"\u001b[31mError starting server: isDev is not defined\u001b[39m","timestamp":"2025-08-14 02:01:28:128"}
{"level":"\u001b[31merror\u001b[39m","message":"\u001b[31mError starting server: Unknown constraint error\u001b[39m","timestamp":"2025-08-14 02:01:32:132"}
{"level":"\u001b[31merror\u001b[39m","message":"\u001b[31mError starting server: isDev is not defined\u001b[39m","timestamp":"2025-08-14 02:01:34:134"}
{"level":"\u001b[31merror\u001b[39m","message":"\u001b[31mError starting server: isDev is not defined\u001b[39m","timestamp":"2025-08-14 02:01:38:138"}
{"level":"\u001b[31merror\u001b[39m","message":"\u001b[31mError starting server: isDev is not defined\u001b[39m","timestamp":"2025-08-14 02:01:40:140"}
{"level":"\u001b[31merror\u001b[39m","message":"\u001b[31mError starting server: isDev is not defined\u001b[39m","timestamp":"2025-08-14 02:01:42:142"}
{"level":"\u001b[31merror\u001b[39m","message":"\u001b[31mError starting server: isDev is not defined\u001b[39m","timestamp":"2025-08-14 02:01:44:144"}
{"level":"\u001b[31merror\u001b[39m","message":"\u001b[31mError starting server: isDev is not defined\u001b[39m","timestamp":"2025-08-14 02:01:45:145"}
{"level":"\u001b[31merror\u001b[39m","message":"\u001b[31mError starting server: isDev is not defined\u001b[39m","timestamp":"2025-08-14 02:01:50:150"}
{"level":"\u001b[31merror\u001b[39m","message":"\u001b[31mError starting server: isDev is not defined\u001b[39m","timestamp":"2025-08-14 02:01:51:151"}
{"level":"\u001b[31merror\u001b[39m","message":"\u001b[31mError starting server: isDev is not defined\u001b[39m","timestamp":"2025-08-14 02:01:57:157"}
{"level":"\u001b[31merror\u001b[39m","message":"\u001b[31mError starting server: isDev is not defined\u001b[39m","timestamp":"2025-08-14 02:01:58:158"}
{"level":"\u001b[31merror\u001b[39m","message":"\u001b[31mError starting server: isDev is not defined\u001b[39m","timestamp":"2025-08-14 02:02:00:20"}
{"level":"\u001b[31merror\u001b[39m","message":"\u001b[31mError starting server: isDev is not defined\u001b[39m","timestamp":"2025-08-14 02:02:02:22"}
{"level":"\u001b[31merror\u001b[39m","message":"\u001b[31mError starting server: isDev is not defined\u001b[39m","timestamp":"2025-08-14 02:02:04:24"}
{"level":"\u001b[31merror\u001b[39m","message":"\u001b[31mError starting server: isDev is not defined\u001b[39m","timestamp":"2025-08-14 02:02:08:28"}
{"level":"\u001b[31merror\u001b[39m","message":"\u001b[31mError starting server: isDev is not defined\u001b[39m","timestamp":"2025-08-14 02:02:09:29"}
{"level":"\u001b[31merror\u001b[39m","message":"\u001b[31mError starting server: isDev is not defined\u001b[39m","timestamp":"2025-08-14 02:02:14:214"}
{"level":"\u001b[31merror\u001b[39m","message":"\u001b[31mError starting server: isDev is not defined\u001b[39m","timestamp":"2025-08-14 02:02:15:215"}
{"level":"\u001b[31merror\u001b[39m","message":"\u001b[31mError starting server: isDev is not defined\u001b[39m","timestamp":"2025-08-14 02:02:18:218"}
{"level":"\u001b[31merror\u001b[39m","message":"\u001b[31mError starting server: isDev is not defined\u001b[39m","timestamp":"2025-08-14 02:02:20:220"}
{"level":"\u001b[31merror\u001b[39m","message":"\u001b[31mError starting server: isDev is not defined\u001b[39m","timestamp":"2025-08-14 02:02:23:223"}
{"level":"\u001b[31merror\u001b[39m","message":"\u001b[31mError starting server: isDev is not defined\u001b[39m","timestamp":"2025-08-14 02:02:26:226"}
{"level":"\u001b[31merror\u001b[39m","message":"\u001b[31mError starting server: isDev is not defined\u001b[39m","timestamp":"2025-08-14 02:02:27:227"}
{"level":"\u001b[31merror\u001b[39m","message":"\u001b[31mError starting server: isDev is not defined\u001b[39m","timestamp":"2025-08-14 02:02:31:231"}
{"level":"\u001b[31merror\u001b[39m","message":"\u001b[31mError starting server: isDev is not defined\u001b[39m","timestamp":"2025-08-14 02:02:33:233"}
{"level":"\u001b[31merror\u001b[39m","message":"\u001b[31mError starting server: isDev is not defined\u001b[39m","timestamp":"2025-08-14 02:02:35:235"}
{"level":"\u001b[31merror\u001b[39m","message":"\u001b[31mError starting server: isDev is not defined\u001b[39m","timestamp":"2025-08-14 02:02:37:237"}
{"level":"\u001b[31merror\u001b[39m","message":"\u001b[31mError starting server: isDev is not defined\u001b[39m","timestamp":"2025-08-14 02:02:40:240"}
{"level":"\u001b[31merror\u001b[39m","message":"\u001b[31mError starting server: isDev is not defined\u001b[39m","timestamp":"2025-08-14 02:02:44:244"}
{"level":"\u001b[31merror\u001b[39m","message":"\u001b[31mError starting server: isDev is not defined\u001b[39m","timestamp":"2025-08-14 02:02:45:245"}
{"level":"\u001b[31merror\u001b[39m","message":"\u001b[31mError starting server: isDev is not defined\u001b[39m","timestamp":"2025-08-14 02:02:48:248"}
{"level":"\u001b[31merror\u001b[39m","message":"\u001b[31mError starting server: isDev is not defined\u001b[39m","timestamp":"2025-08-14 02:02:50:250"}
{"level":"\u001b[31merror\u001b[39m","message":"\u001b[31mError starting server: isDev is not defined\u001b[39m","timestamp":"2025-08-14 02:02:53:253"}
{"level":"\u001b[31merror\u001b[39m","message":"\u001b[31mError starting server: isDev is not defined\u001b[39m","timestamp":"2025-08-14 02:02:55:255"}
{"level":"\u001b[31merror\u001b[39m","message":"\u001b[31mError starting server: isDev is not defined\u001b[39m","timestamp":"2025-08-14 02:02:58:258"}
{"level":"\u001b[31merror\u001b[39m","message":"\u001b[31mError starting server: Cannot read properties of null (reading '1')\u001b[39m","timestamp":"2025-08-14 02:03:01:31"}
{"level":"\u001b[31merror\u001b[39m","message":"\u001b[31mError starting server: isDev is not defined\u001b[39m","timestamp":"2025-08-14 02:03:03:33"}
{"level":"\u001b[31merror\u001b[39m","message":"\u001b[31mError starting server: isDev is not defined\u001b[39m","timestamp":"2025-08-14 02:03:07:37"}
{"level":"\u001b[31merror\u001b[39m","message":"\u001b[31mError starting server: isDev is not defined\u001b[39m","timestamp":"2025-08-14 02:03:08:38"}
{"level":"\u001b[31merror\u001b[39m","message":"\u001b[31mError starting server: isDev is not defined\u001b[39m","timestamp":"2025-08-14 02:03:11:311"}
{"level":"\u001b[31merror\u001b[39m","message":"\u001b[31mError starting server: isDev is not defined\u001b[39m","timestamp":"2025-08-14 02:03:12:312"}
{"level":"\u001b[31merror\u001b[39m","message":"\u001b[31mError starting server: isDev is not defined\u001b[39m","timestamp":"2025-08-14 02:03:15:315"}
{"level":"\u001b[31merror\u001b[39m","message":"\u001b[31mError starting server: cache lookup failed for attribute 1 of relation 758890\u001b[39m","timestamp":"2025-08-14 02:03:19:319"}
{"level":"\u001b[31merror\u001b[39m","message":"\u001b[31mError starting server: isDev is not defined\u001b[39m","timestamp":"2025-08-14 02:03:20:320"}
{"level":"\u001b[31merror\u001b[39m","message":"\u001b[31mError starting server: cache lookup failed for attribute 1 of relation 759789\u001b[39m","timestamp":"2025-08-14 02:03:21:321"}
{"level":"\u001b[31merror\u001b[39m","message":"\u001b[31mError starting server: isDev is not defined\u001b[39m","timestamp":"2025-08-14 02:03:24:324"}
{"level":"\u001b[31merror\u001b[39m","message":"\u001b[31mError starting server: isDev is not defined\u001b[39m","timestamp":"2025-08-14 02:03:25:325"}
{"level":"\u001b[31merror\u001b[39m","message":"\u001b[31mError starting server: isDev is not defined\u001b[39m","timestamp":"2025-08-14 02:03:30:330"}
{"level":"\u001b[31merror\u001b[39m","message":"\u001b[31mError starting server: cache lookup failed for attribute 1 of relation 764119\u001b[39m","timestamp":"2025-08-14 02:03:30:330"}
{"level":"\u001b[31merror\u001b[39m","message":"\u001b[31mError starting server: isDev is not defined\u001b[39m","timestamp":"2025-08-14 02:03:33:333"}
{"level":"\u001b[31merror\u001b[39m","message":"\u001b[31mError starting server: Unknown constraint error\u001b[39m","timestamp":"2025-08-14 02:03:40:340"}
{"level":"\u001b[31merror\u001b[39m","message":"\u001b[31mError starting server: Database initialization failed: type \"Subjects\" already exists\u001b[39m","timestamp":"2025-08-14 02:19:24:1924"}
{"level":"\u001b[31merror\u001b[39m","message":"\u001b[31mError starting server: Database initialization failed: relation \"Subjects\" does not exist\u001b[39m","timestamp":"2025-08-14 02:19:32:1932"}
{"level":"\u001b[31merror\u001b[39m","message":"\u001b[31mError starting server: Database initialization failed: relation \"Subjects\" does not exist\u001b[39m","timestamp":"2025-08-14 02:19:32:1932"}
{"level":"\u001b[31merror\u001b[39m","message":"\u001b[31mError starting server: Database initialization failed: relation \"teacher_subjects_teacher_id_subject_id\" already exists\u001b[39m","timestamp":"2025-08-14 02:21:11:2111"}
{"level":"\u001b[31merror\u001b[39m","message":"\u001b[31mError starting server: Database initialization failed: Validation error\u001b[39m","timestamp":"2025-08-14 02:21:33:2133"}
{"level":"\u001b[31merror\u001b[39m","message":"\u001b[31mError starting server: Unknown constraint error\u001b[39m","timestamp":"2025-08-14 02:28:20:2820"}
{"level":"\u001b[31merror\u001b[39m","message":"\u001b[31mError starting server: Unknown constraint error\u001b[39m","timestamp":"2025-08-14 02:28:25:2825"}
{"level":"\u001b[31merror\u001b[39m","message":"\u001b[31mError starting server: Unknown constraint error\u001b[39m","timestamp":"2025-08-14 02:28:32:2832"}
{"code":"ERR_SERVER_NOT_RUNNING","level":"\u001b[31merror\u001b[39m","message":"\u001b[31mError during server shutdown: Server is not running.\u001b[39m","stack":"Error [ERR_SERVER_NOT_RUNNING]: Server is not running.\n    at Server.close (node:net:2359:12)\n    at Object.onceWrapper (node:events:621:28)\n    at Server.emit (node:events:507:28)\n    at emitCloseNT (node:net:2419:8)\n    at process.processTicksAndRejections (node:internal/process/task_queues:89:21)","timestamp":"2025-08-14 02:30:42:3042"}
{"code":"ERR_SERVER_NOT_RUNNING","level":"\u001b[31merror\u001b[39m","message":"\u001b[31mError during server shutdown: Server is not running.\u001b[39m","stack":"Error [ERR_SERVER_NOT_RUNNING]: Server is not running.\n    at Server.close (node:net:2359:12)\n    at Object.onceWrapper (node:events:621:28)\n    at Server.emit (node:events:507:28)\n    at emitCloseNT (node:net:2419:8)\n    at process.processTicksAndRejections (node:internal/process/task_queues:89:21)","timestamp":"2025-08-14 02:30:42:3042"}
{"code":"ERR_SERVER_NOT_RUNNING","level":"\u001b[31merror\u001b[39m","message":"\u001b[31mError during server shutdown: Server is not running.\u001b[39m","stack":"Error [ERR_SERVER_NOT_RUNNING]: Server is not running.\n    at Server.close (node:net:2359:12)\n    at Object.onceWrapper (node:events:621:28)\n    at Server.emit (node:events:507:28)\n    at emitCloseNT (node:net:2419:8)\n    at process.processTicksAndRejections (node:internal/process/task_queues:89:21)","timestamp":"2025-08-14 02:30:42:3042"}
{"code":"ERR_SERVER_NOT_RUNNING","level":"\u001b[31merror\u001b[39m","message":"\u001b[31mError during server shutdown: Server is not running.\u001b[39m","stack":"Error [ERR_SERVER_NOT_RUNNING]: Server is not running.\n    at Server.close (node:net:2359:12)\n    at Object.onceWrapper (node:events:621:28)\n    at Server.emit (node:events:507:28)\n    at Server.<anonymous> (/Users/anantmishra/Documents/GitHub/Evalis-GT/node_modules/@pm2/io/build/main/metrics/httpMetrics.js:153:37)\n    at emitCloseNT (node:net:2419:8)\n    at process.processTicksAndRejections (node:internal/process/task_queues:89:21)","timestamp":"2025-08-14 02:30:42:3042"}
{"code":"ERR_SERVER_NOT_RUNNING","level":"\u001b[31merror\u001b[39m","message":"\u001b[31mError during server shutdown: Server is not running.\u001b[39m","stack":"Error [ERR_SERVER_NOT_RUNNING]: Server is not running.\n    at Server.close (node:net:2359:12)\n    at Object.onceWrapper (node:events:621:28)\n    at Server.emit (node:events:507:28)\n    at Server.<anonymous> (/Users/anantmishra/Documents/GitHub/Evalis-GT/node_modules/@pm2/io/build/main/metrics/httpMetrics.js:153:37)\n    at emitCloseNT (node:net:2419:8)\n    at process.processTicksAndRejections (node:internal/process/task_queues:89:21)","timestamp":"2025-08-14 02:30:42:3042"}
{"code":"ERR_SERVER_NOT_RUNNING","level":"\u001b[31merror\u001b[39m","message":"\u001b[31mError during server shutdown: Server is not running.\u001b[39m","stack":"Error [ERR_SERVER_NOT_RUNNING]: Server is not running.\n    at Server.close (node:net:2359:12)\n    at Object.onceWrapper (node:events:621:28)\n    at Server.emit (node:events:507:28)\n    at Server.<anonymous> (/Users/anantmishra/Documents/GitHub/Evalis-GT/node_modules/@pm2/io/build/main/metrics/httpMetrics.js:153:37)\n    at emitCloseNT (node:net:2419:8)\n    at process.processTicksAndRejections (node:internal/process/task_queues:89:21)","timestamp":"2025-08-14 02:30:42:3042"}
{"code":"ERR_SERVER_NOT_RUNNING","level":"\u001b[31merror\u001b[39m","message":"\u001b[31mError during server shutdown: Server is not running.\u001b[39m","stack":"Error [ERR_SERVER_NOT_RUNNING]: Server is not running.\n    at Server.close (node:net:2359:12)\n    at Object.onceWrapper (node:events:621:28)\n    at Server.emit (node:events:507:28)\n    at Server.<anonymous> (/Users/anantmishra/Documents/GitHub/Evalis-GT/node_modules/@pm2/io/build/main/metrics/httpMetrics.js:153:37)\n    at emitCloseNT (node:net:2419:8)\n    at process.processTicksAndRejections (node:internal/process/task_queues:89:21)","timestamp":"2025-08-14 02:30:42:3042"}
{"code":"ERR_SERVER_NOT_RUNNING","level":"\u001b[31merror\u001b[39m","message":"\u001b[31mError during server shutdown: Server is not running.\u001b[39m","stack":"Error [ERR_SERVER_NOT_RUNNING]: Server is not running.\n    at Server.close (node:net:2359:12)\n    at Object.onceWrapper (node:events:621:28)\n    at Server.emit (node:events:507:28)\n    at Server.<anonymous> (/Users/anantmishra/Documents/GitHub/Evalis-GT/node_modules/@pm2/io/build/main/metrics/httpMetrics.js:153:37)\n    at emitCloseNT (node:net:2419:8)\n    at process.processTicksAndRejections (node:internal/process/task_queues:89:21)","timestamp":"2025-08-14 02:30:42:3042"}
{"code":"ERR_SERVER_NOT_RUNNING","level":"\u001b[31merror\u001b[39m","message":"\u001b[31mError during server shutdown: Server is not running.\u001b[39m","stack":"Error [ERR_SERVER_NOT_RUNNING]: Server is not running.\n    at Server.close (node:net:2359:12)\n    at Object.onceWrapper (node:events:621:28)\n    at Server.emit (node:events:507:28)\n    at Server.<anonymous> (/Users/anantmishra/Documents/GitHub/Evalis-GT/node_modules/@pm2/io/build/main/metrics/httpMetrics.js:153:37)\n    at emitCloseNT (node:net:2419:8)\n    at process.processTicksAndRejections (node:internal/process/task_queues:89:21)","timestamp":"2025-08-14 02:30:42:3042"}
{"code":"ERR_SERVER_NOT_RUNNING","level":"\u001b[31merror\u001b[39m","message":"\u001b[31mError during server shutdown: Server is not running.\u001b[39m","stack":"Error [ERR_SERVER_NOT_RUNNING]: Server is not running.\n    at Server.close (node:net:2359:12)\n    at Object.onceWrapper (node:events:621:28)\n    at Server.emit (node:events:507:28)\n    at Server.<anonymous> (/Users/anantmishra/Documents/GitHub/Evalis-GT/node_modules/@pm2/io/build/main/metrics/httpMetrics.js:153:37)\n    at emitCloseNT (node:net:2419:8)\n    at process.processTicksAndRejections (node:internal/process/task_queues:89:21)","timestamp":"2025-08-14 02:30:42:3042"}
{"level":"\u001b[31merror\u001b[39m","message":"\u001b[31mError starting server: Unknown constraint error\u001b[39m","timestamp":"2025-08-14 02:30:50:3050"}
{"level":"\u001b[31merror\u001b[39m","message":"\u001b[31mError starting server: Unknown constraint error\u001b[39m","timestamp":"2025-08-14 02:30:50:3050"}
{"level":"\u001b[31merror\u001b[39m","message":"\u001b[31mError starting server: Unknown constraint error\u001b[39m","timestamp":"2025-08-14 02:30:51:3051"}
{"level":"\u001b[31merror\u001b[39m","message":"\u001b[31mError starting server: Unknown constraint error\u001b[39m","timestamp":"2025-08-14 02:30:51:3051"}
{"level":"\u001b[31merror\u001b[39m","message":"\u001b[31mError starting server: Unknown constraint error\u001b[39m","timestamp":"2025-08-14 02:30:58:3058"}
{"level":"\u001b[31merror\u001b[39m","message":"\u001b[31mError starting server: Unknown constraint error\u001b[39m","timestamp":"2025-08-14 02:30:59:3059"}
{"level":"\u001b[31merror\u001b[39m","message":"\u001b[31mError starting server: Unknown constraint error\u001b[39m","timestamp":"2025-08-14 02:30:59:3059"}
{"code":"ERR_SERVER_NOT_RUNNING","level":"\u001b[31merror\u001b[39m","message":"\u001b[31mError during server shutdown: Server is not running.\u001b[39m","stack":"Error [ERR_SERVER_NOT_RUNNING]: Server is not running.\n    at Server.close (node:net:2359:12)\n    at Object.onceWrapper (node:events:621:28)\n    at Server.emit (node:events:519:35)\n    at emitCloseNT (node:net:2419:8)\n    at process.processTicksAndRejections (node:internal/process/task_queues:89:21)","timestamp":"2025-08-14 03:55:30:5530"}
{"code":"ERR_SERVER_NOT_RUNNING","level":"\u001b[31merror\u001b[39m","message":"\u001b[31mError during server shutdown: Server is not running.\u001b[39m","stack":"Error [ERR_SERVER_NOT_RUNNING]: Server is not running.\n    at Server.close (node:net:2359:12)\n    at Object.onceWrapper (node:events:621:28)\n    at Server.emit (node:events:519:35)\n    at emitCloseNT (node:net:2419:8)\n    at process.processTicksAndRejections (node:internal/process/task_queues:89:21)","timestamp":"2025-08-14 03:57:23:5723"}
{"code":"ERR_SERVER_NOT_RUNNING","level":"\u001b[31merror\u001b[39m","message":"\u001b[31mError during server shutdown: Server is not running.\u001b[39m","stack":"Error [ERR_SERVER_NOT_RUNNING]: Server is not running.\n    at Server.close (node:net:2359:12)\n    at Object.onceWrapper (node:events:621:28)\n    at Server.emit (node:events:519:35)\n    at emitCloseNT (node:net:2419:8)\n    at process.processTicksAndRejections (node:internal/process/task_queues:89:21)","timestamp":"2025-08-14 03:58:34:5834"}
{"level":"\u001b[31merror\u001b[39m","message":"\u001b[31mError starting server: Unknown constraint error\u001b[39m","timestamp":"2025-08-14 19:42:19:4219"}
{"level":"\u001b[31merror\u001b[39m","message":"\u001b[31mError starting server: Unknown constraint error\u001b[39m","timestamp":"2025-08-14 19:42:40:4240"}
{"level":"\u001b[31merror\u001b[39m","message":"\u001b[31mError starting server: Unknown constraint error\u001b[39m","timestamp":"2025-08-14 19:44:00:440"}
{"level":"\u001b[31merror\u001b[39m","message":"\u001b[31mError starting server: Unknown constraint error\u001b[39m","timestamp":"2025-08-14 19:49:43:4943"}
{"level":"\u001b[31merror\u001b[39m","message":"\u001b[31mError starting server: Unknown constraint error\u001b[39m","timestamp":"2025-08-14 19:54:41:5441"}
{"level":"\u001b[31merror\u001b[39m","message":"\u001b[31mError starting server: Unknown constraint error\u001b[39m","timestamp":"2025-08-14 20:06:15:615"}
{"level":"\u001b[31merror\u001b[39m","message":"\u001b[31mError starting server: Unknown constraint error\u001b[39m","timestamp":"2025-08-14 20:07:47:747"}
{"level":"\u001b[31merror\u001b[39m","message":"\u001b[31mError starting server: Unknown constraint error\u001b[39m","timestamp":"2025-08-14 20:10:39:1039"}
{"level":"\u001b[31merror\u001b[39m","message":"\u001b[31mError starting server: Unknown constraint error\u001b[39m","timestamp":"2025-08-14 20:15:30:1530"}
{"level":"\u001b[31merror\u001b[39m","message":"\u001b[31mError starting server: Unknown constraint error\u001b[39m","timestamp":"2025-08-14 20:18:53:1853"}
{"level":"\u001b[31merror\u001b[39m","message":"\u001b[31mError starting server: Unknown constraint error\u001b[39m","timestamp":"2025-08-14 20:22:43:2243"}
{"code":"ERR_SERVER_NOT_RUNNING","level":"\u001b[31merror\u001b[39m","message":"\u001b[31mError during server shutdown: Server is not running.\u001b[39m","stack":"Error [ERR_SERVER_NOT_RUNNING]: Server is not running.\n    at Server.close (node:net:2359:12)\n    at Object.onceWrapper (node:events:621:28)\n    at Server.emit (node:events:519:35)\n    at emitCloseNT (node:net:2419:8)\n    at process.processTicksAndRejections (node:internal/process/task_queues:89:21)","timestamp":"2025-08-14 20:29:36:2936"}
{"code":"ERR_SERVER_NOT_RUNNING","level":"\u001b[31merror\u001b[39m","message":"\u001b[31mError during server shutdown: Server is not running.\u001b[39m","stack":"Error [ERR_SERVER_NOT_RUNNING]: Server is not running.\n    at Server.close (node:net:2359:12)\n    at Object.onceWrapper (node:events:621:28)\n    at Server.emit (node:events:519:35)\n    at emitCloseNT (node:net:2419:8)\n    at process.processTicksAndRejections (node:internal/process/task_queues:89:21)","timestamp":"2025-08-14 20:29:36:2936"}
{"level":"\u001b[31merror\u001b[39m","message":"\u001b[31mExceeded maximum port attempts. Cannot start server.\u001b[39m","timestamp":"2025-08-14 20:29:57:2957"}
{"level":"\u001b[31merror\u001b[39m","message":"\u001b[31mExceeded maximum port attempts. Cannot start server.\u001b[39m","timestamp":"2025-08-14 20:33:20:3320"}
{"level":"\u001b[31merror\u001b[39m","message":"\u001b[31mExceeded maximum port attempts. Cannot start server.\u001b[39m","timestamp":"2025-08-15 17:59:41:5941"}
{"level":"\u001b[31merror\u001b[39m","message":"\u001b[31mExceeded maximum port attempts. Cannot start server.\u001b[39m","timestamp":"2025-08-15 18:05:47:547"}
{"level":"\u001b[31merror\u001b[39m","message":"\u001b[31mExceeded maximum port attempts. Cannot start server.\u001b[39m","timestamp":"2025-08-15 18:08:03:83"}
{"level":"\u001b[31merror\u001b[39m","message":"\u001b[31mError starting server: Unknown constraint error\u001b[39m","timestamp":"2025-08-15 18:14:30:1430"}
{"level":"\u001b[31merror\u001b[39m","message":"\u001b[31mError starting server: Unknown constraint error\u001b[39m","timestamp":"2025-08-15 18:15:01:151"}
{"level":"\u001b[31merror\u001b[39m","message":"\u001b[31mError starting server: Unknown constraint error\u001b[39m","timestamp":"2025-08-15 18:15:09:159"}
{"level":"\u001b[31merror\u001b[39m","message":"\u001b[31mError starting server: Unknown constraint error\u001b[39m","timestamp":"2025-08-15 18:15:21:1521"}
{"level":"\u001b[31merror\u001b[39m","message":"\u001b[31mError starting server: Unknown constraint error\u001b[39m","timestamp":"2025-08-15 18:16:15:1615"}
{"level":"\u001b[31merror\u001b[39m","message":"\u001b[31mError starting server: Unknown constraint error\u001b[39m","timestamp":"2025-08-15 18:45:57:4557"}
{"level":"\u001b[31merror\u001b[39m","message":"\u001b[31mExceeded maximum port attempts. Cannot start server.\u001b[39m","timestamp":"2025-08-15 18:48:28:4828"}
{"level":"\u001b[31merror\u001b[39m","message":"\u001b[31mError starting server: Unknown constraint error\u001b[39m","timestamp":"2025-08-15 18:48:46:4846"}
{"level":"\u001b[31merror\u001b[39m","message":"\u001b[31mError starting server: Unknown constraint error\u001b[39m","timestamp":"2025-08-15 18:53:35:5335"}
{"level":"\u001b[31merror\u001b[39m","message":"\u001b[31mError starting server: Unknown constraint error\u001b[39m","timestamp":"2025-08-15 18:54:03:543"}
{"level":"\u001b[31merror\u001b[39m","message":"\u001b[31mError starting server: Unknown constraint error\u001b[39m","timestamp":"2025-08-15 18:54:21:5421"}
{"level":"\u001b[31merror\u001b[39m","message":"\u001b[31mExceeded maximum port attempts. Cannot start server.\u001b[39m","timestamp":"2025-08-15 18:56:05:565"}
{"level":"\u001b[31merror\u001b[39m","message":"\u001b[31mError starting server: Unknown constraint error\u001b[39m","timestamp":"2025-08-15 19:05:18:518"}
{"level":"\u001b[31merror\u001b[39m","message":"\u001b[31mExceeded maximum port attempts. Cannot start server.\u001b[39m","timestamp":"2025-08-15 19:07:10:710"}
{"level":"\u001b[31merror\u001b[39m","message":"\u001b[31mError starting server: Unknown constraint error\u001b[39m","timestamp":"2025-08-15 19:08:48:848"}
{"level":"\u001b[31merror\u001b[39m","message":"\u001b[31mExceeded maximum port attempts. Cannot start server.\u001b[39m","timestamp":"2025-08-15 19:08:58:858"}
{"level":"\u001b[31merror\u001b[39m","message":"\u001b[31mError starting server: Unknown constraint error\u001b[39m","timestamp":"2025-08-15 19:11:24:1124"}
{"level":"\u001b[31merror\u001b[39m","message":"\u001b[31mError starting server: Unknown constraint error\u001b[39m","timestamp":"2025-08-15 19:11:24:1124"}
{"level":"\u001b[31merror\u001b[39m","message":"\u001b[31mError starting server: Unknown constraint error\u001b[39m","timestamp":"2025-08-15 19:15:47:1547"}
{"level":"\u001b[31merror\u001b[39m","message":"\u001b[31mExceeded maximum port attempts. Cannot start server.\u001b[39m","timestamp":"2025-08-15 19:15:56:1556"}
{"level":"\u001b[31merror\u001b[39m","message":"\u001b[31mExceeded maximum port attempts. Cannot start server.\u001b[39m","timestamp":"2025-08-15 19:16:40:1640"}
{"level":"\u001b[31merror\u001b[39m","message":"\u001b[31mExceeded maximum port attempts. Cannot start server.\u001b[39m","timestamp":"2025-08-15 19:17:32:1732"}
{"level":"\u001b[31merror\u001b[39m","message":"\u001b[31mError starting server: Unknown constraint error\u001b[39m","timestamp":"2025-08-15 19:19:11:1911"}
{"level":"\u001b[31merror\u001b[39m","message":"\u001b[31mError starting server: Unknown constraint error\u001b[39m","timestamp":"2025-08-15 19:19:11:1911"}
{"level":"\u001b[31merror\u001b[39m","message":"\u001b[31mError starting server: Unknown constraint error\u001b[39m","timestamp":"2025-08-15 19:19:11:1911"}
{"level":"\u001b[31merror\u001b[39m","message":"\u001b[31mExceeded maximum port attempts. Cannot start server.\u001b[39m","timestamp":"2025-08-15 19:19:20:1920"}
{"level":"\u001b[31merror\u001b[39m","message":"\u001b[31mExceeded maximum port attempts. Cannot start server.\u001b[39m","timestamp":"2025-08-15 19:20:18:2018"}
{"level":"\u001b[31merror\u001b[39m","message":"\u001b[31mError syncing Firebase password for anantmishra249@gmail.com: admin not found with provided email/ID\u001b[39m","stack":"Error: admin not found with provided email/ID\n    at /Users/anantmishra/Documents/GitHub/Evalis-GT/server/controllers/authController.js:555:13\n    at process.processTicksAndRejections (node:internal/process/task_queues:105:5)","timestamp":"2025-08-15 19:41:39:4139"}
{"level":"\u001b[31merror\u001b[39m","message":"\u001b[31mError syncing Firebase password for anntmishraa@gmail.com: student not found with provided email/ID\u001b[39m","stack":"Error: student not found with provided email/ID\n    at /Users/anantmishra/Documents/GitHub/Evalis-GT/server/controllers/authController.js:555:13\n    at process.processTicksAndRejections (node:internal/process/task_queues:105:5)","timestamp":"2025-08-15 19:44:27:4427"}
{"level":"\u001b[31merror\u001b[39m","message":"\u001b[31mError syncing Firebase password for anntmishraa@gmail.com: student not found with provided email/ID\u001b[39m","stack":"Error: student not found with provided email/ID\n    at /Users/anantmishra/Documents/GitHub/Evalis-GT/server/controllers/authController.js:555:13\n    at process.processTicksAndRejections (node:internal/process/task_queues:105:5)","timestamp":"2025-08-15 19:44:36:4436"}
{"level":"\u001b[31merror\u001b[39m","message":"\u001b[31mError syncing Firebase password for anntmishraa@gmail.com: student not found with provided email/ID\u001b[39m","stack":"Error: student not found with provided email/ID\n    at /Users/anantmishra/Documents/GitHub/Evalis-GT/server/controllers/authController.js:555:13\n    at process.processTicksAndRejections (node:internal/process/task_queues:105:5)","timestamp":"2025-08-15 19:47:40:4740"}
{"level":"\u001b[31merror\u001b[39m","message":"\u001b[31mError syncing Firebase password for anntmishraa@gmail.com: student not found with provided email/ID\u001b[39m","stack":"Error: student not found with provided email/ID\n    at /Users/anantmishra/Documents/GitHub/Evalis-GT/server/controllers/authController.js:555:13\n    at process.processTicksAndRejections (node:internal/process/task_queues:105:5)","timestamp":"2025-08-15 19:49:11:4911"}
{"level":"\u001b[31merror\u001b[39m","message":"\u001b[31mError syncing Firebase password for anntmishraa@gmail.com: student not found with provided email/ID\u001b[39m","stack":"Error: student not found with provided email/ID\n    at /Users/anantmishra/Documents/GitHub/Evalis-GT/server/controllers/authController.js:555:13\n    at process.processTicksAndRejections (node:internal/process/task_queues:105:5)","timestamp":"2025-08-15 19:50:49:5049"}
{"level":"\u001b[31merror\u001b[39m","message":"\u001b[31mError syncing Firebase password for anntmishraa@gmail.com: student not found with provided email/ID\u001b[39m","stack":"Error: student not found with provided email/ID\n    at /Users/anantmishra/Documents/GitHub/Evalis-GT/server/controllers/authController.js:555:13\n    at process.processTicksAndRejections (node:internal/process/task_queues:105:5)","timestamp":"2025-08-15 19:52:33:5233"}
{"level":"\u001b[31merror\u001b[39m","message":"\u001b[31mError starting server: Unknown constraint error\u001b[39m","timestamp":"2025-08-15 19:52:41:5241"}
{"level":"\u001b[31merror\u001b[39m","message":"\u001b[31mError starting server: Unknown constraint error\u001b[39m","timestamp":"2025-08-15 19:52:41:5241"}
{"level":"\u001b[31merror\u001b[39m","message":"\u001b[31mError starting server: Unknown constraint error\u001b[39m","timestamp":"2025-08-15 19:52:41:5241"}
{"level":"\u001b[31merror\u001b[39m","message":"\u001b[31mError starting server: Unknown constraint error\u001b[39m","timestamp":"2025-08-15 19:52:41:5241"}
{"level":"\u001b[31merror\u001b[39m","message":"\u001b[31mError starting server: Unknown constraint error\u001b[39m","timestamp":"2025-08-15 19:52:47:5247"}
{"level":"\u001b[31merror\u001b[39m","message":"\u001b[31mError starting server: Unknown constraint error\u001b[39m","timestamp":"2025-08-15 19:52:47:5247"}
{"level":"\u001b[31merror\u001b[39m","message":"\u001b[31mError starting server: Unknown constraint error\u001b[39m","timestamp":"2025-08-15 19:52:47:5247"}
{"level":"\u001b[31merror\u001b[39m","message":"\u001b[31mError starting server: Unknown constraint error\u001b[39m","timestamp":"2025-08-15 19:52:51:5251"}
{"level":"\u001b[31merror\u001b[39m","message":"\u001b[31mExceeded maximum port attempts. Cannot start server.\u001b[39m","timestamp":"2025-08-15 19:52:57:5257"}
{"level":"\u001b[31merror\u001b[39m","message":"\u001b[31mError syncing Firebase password for anntmishraa@gmail.com: student not found with provided email/ID\u001b[39m","stack":"Error: student not found with provided email/ID\n    at /Users/anantmishra/Documents/GitHub/Evalis-GT/server/controllers/authController.js:555:13\n    at process.processTicksAndRejections (node:internal/process/task_queues:105:5)","timestamp":"2025-08-15 19:54:18:5418"}
{"level":"\u001b[31merror\u001b[39m","message":"\u001b[31mError starting server: Unknown constraint error\u001b[39m","timestamp":"2025-08-15 19:59:32:5932"}
{"level":"\u001b[31merror\u001b[39m","message":"\u001b[31mError starting server: Unknown constraint error\u001b[39m","timestamp":"2025-08-15 19:59:32:5932"}
{"level":"\u001b[31merror\u001b[39m","message":"\u001b[31mError starting server: Unknown constraint error\u001b[39m","timestamp":"2025-08-15 19:59:32:5932"}
{"level":"\u001b[31merror\u001b[39m","message":"\u001b[31mError starting server: Unknown constraint error\u001b[39m","timestamp":"2025-08-15 19:59:32:5932"}
{"level":"\u001b[31merror\u001b[39m","message":"\u001b[31mError starting server: Unknown constraint error\u001b[39m","timestamp":"2025-08-15 19:59:33:5933"}
{"level":"\u001b[31merror\u001b[39m","message":"\u001b[31mError syncing Firebase password for anntmishraa@gmail.com: student not found with provided email/ID\u001b[39m","stack":"Error: student not found with provided email/ID\n    at /Users/anantmishra/Documents/GitHub/Evalis-GT/server/controllers/authController.js:555:13\n    at process.processTicksAndRejections (node:internal/process/task_queues:105:5)","timestamp":"2025-08-15 20:09:36:936"}
{"level":"\u001b[31merror\u001b[39m","message":"\u001b[31mError starting server: Unknown constraint error\u001b[39m","timestamp":"2025-08-15 20:16:13:1613"}
{"level":"\u001b[31merror\u001b[39m","message":"\u001b[31mError starting server: Unknown constraint error\u001b[39m","timestamp":"2025-08-15 20:16:13:1613"}
{"level":"\u001b[31merror\u001b[39m","message":"\u001b[31mError starting server: Unknown constraint error\u001b[39m","timestamp":"2025-08-15 20:16:13:1613"}
{"level":"\u001b[31merror\u001b[39m","message":"\u001b[31mError starting server: Unknown constraint error\u001b[39m","timestamp":"2025-08-15 20:16:13:1613"}
{"level":"\u001b[31merror\u001b[39m","message":"\u001b[31mError starting server: Unknown constraint error\u001b[39m","timestamp":"2025-08-15 20:16:13:1613"}
{"level":"\u001b[31merror\u001b[39m","message":"\u001b[31mError syncing Firebase password for anntmishraa@gmail.com: student not found with provided email/ID\u001b[39m","stack":"Error: student not found with provided email/ID\n    at /Users/anantmishra/Documents/GitHub/Evalis-GT/server/controllers/authController.js:555:13\n    at process.processTicksAndRejections (node:internal/process/task_queues:105:5)","timestamp":"2025-08-15 20:19:41:1941"}
{"level":"\u001b[31merror\u001b[39m","message":"\u001b[31mExceeded maximum port attempts. Cannot start server.\u001b[39m","timestamp":"2025-08-15 20:27:59:2759"}
{"level":"\u001b[31merror\u001b[39m","message":"\u001b[31mExceeded maximum port attempts. Cannot start server.\u001b[39m","timestamp":"2025-08-15 23:37:12:3712"}
{"level":"\u001b[31merror\u001b[39m","message":"\u001b[31mError syncing Firebase password for anntmishraa@gmail.com: student not found with provided email/ID\u001b[39m","stack":"Error: student not found with provided email/ID\n    at /Users/anantmishra/Documents/GitHub/Evalis-GT/server/controllers/authController.js:555:13\n    at process.processTicksAndRejections (node:internal/process/task_queues:105:5)","timestamp":"2025-08-15 23:58:55:5855"}
{"level":"\u001b[31merror\u001b[39m","message":"\u001b[31mError syncing Firebase password for anantmishra249@gmail.com: admin not found with provided email/ID\u001b[39m","stack":"Error: admin not found with provided email/ID\n    at /Users/anantmishra/Documents/GitHub/Evalis-GT/server/controllers/authController.js:555:13\n    at process.processTicksAndRejections (node:internal/process/task_queues:105:5)","timestamp":"2025-08-16 00:52:05:525"}
{"level":"\u001b[31merror\u001b[39m","message":"\u001b[31mError syncing Firebase password for anantmishra249@gmail.com: admin not found with provided email/ID\u001b[39m","stack":"Error: admin not found with provided email/ID\n    at /Users/anantmishra/Documents/GitHub/Evalis-GT/server/controllers/authController.js:555:13\n    at process.processTicksAndRejections (node:internal/process/task_queues:105:5)","timestamp":"2025-08-16 15:14:34:1434"}
{"level":"\u001b[31merror\u001b[39m","message":"\u001b[31mError syncing Firebase password for anntmishraa@gmail.com: student not found with provided email/ID\u001b[39m","stack":"Error: student not found with provided email/ID\n    at /Users/anantmishra/Documents/GitHub/Evalis-GT/server/controllers/authController.js:555:13\n    at process.processTicksAndRejections (node:internal/process/task_queues:105:5)","timestamp":"2025-08-16 15:15:07:157"}
{"level":"\u001b[31merror\u001b[39m","message":"\u001b[31mError syncing Firebase password for anntmishraa@gmail.com: student not found with provided email/ID\u001b[39m","stack":"Error: student not found with provided email/ID\n    at /Users/anantmishra/Documents/GitHub/Evalis-GT/server/controllers/authController.js:555:13\n    at process.processTicksAndRejections (node:internal/process/task_queues:105:5)","timestamp":"2025-08-16 15:16:12:1612"}
{"level":"\u001b[31merror\u001b[39m","message":"\u001b[31mError syncing Firebase password for anntmishraa@gmail.com: student not found with provided email/ID\u001b[39m","stack":"Error: student not found with provided email/ID\n    at /Users/anantmishra/Documents/GitHub/Evalis-GT/server/controllers/authController.js:555:13\n    at process.processTicksAndRejections (node:internal/process/task_queues:105:5)","timestamp":"2025-08-16 15:30:49:3049"}
{"code":"ERR_SERVER_NOT_RUNNING","level":"\u001b[31merror\u001b[39m","message":"\u001b[31mError during server shutdown: Server is not running.\u001b[39m","stack":"Error [ERR_SERVER_NOT_RUNNING]: Server is not running.\n    at Server.close (node:net:2359:12)\n    at Object.onceWrapper (node:events:621:28)\n    at Server.emit (node:events:519:35)\n    at emitCloseNT (node:net:2419:8)\n    at process.processTicksAndRejections (node:internal/process/task_queues:89:21)","timestamp":"2025-08-16 15:31:43:3143"}
{"level":"\u001b[31merror\u001b[39m","message":"\u001b[31mError syncing Firebase password for anntmishraa@gmail.com: student not found with provided email/ID\u001b[39m","stack":"Error: student not found with provided email/ID\n    at /Users/anantmishra/Documents/GitHub/Evalis-GT/server/controllers/authController.js:555:13\n    at process.processTicksAndRejections (node:internal/process/task_queues:105:5)","timestamp":"2025-08-16 15:32:53:3253"}
{"level":"\u001b[31merror\u001b[39m","message":"\u001b[31mError syncing Firebase password for anntmishraa@gmail.com: student not found with provided email/ID\u001b[39m","stack":"Error: student not found with provided email/ID\n    at /Users/anantmishra/Documents/GitHub/Evalis-GT/server/controllers/authController.js:555:13\n    at process.processTicksAndRejections (node:internal/process/task_queues:105:5)","timestamp":"2025-08-16 15:38:11:3811"}
{"level":"\u001b[31merror\u001b[39m","message":"\u001b[31mError syncing Firebase password for anantmishra249@gmail.com: teacher not found with provided email/ID\u001b[39m","stack":"Error: teacher not found with provided email/ID\n    at /Users/anantmishra/Documents/GitHub/Evalis-GT/server/controllers/authController.js:555:13\n    at process.processTicksAndRejections (node:internal/process/task_queues:105:5)","timestamp":"2025-08-16 15:53:56:5356"}
{"level":"\u001b[31merror\u001b[39m","message":"\u001b[31mError syncing Firebase password for anantmishra249@gmail.com: teacher not found with provided email/ID\u001b[39m","stack":"Error: teacher not found with provided email/ID\n    at /Users/anantmishra/Documents/GitHub/Evalis-GT/server/controllers/authController.js:555:13\n    at process.processTicksAndRejections (node:internal/process/task_queues:105:5)","timestamp":"2025-08-16 15:54:03:543"}
{"level":"\u001b[31merror\u001b[39m","message":"\u001b[31mError syncing Firebase password for anantmishra249@gmail.com: admin not found with provided email/ID\u001b[39m","stack":"Error: admin not found with provided email/ID\n    at /Users/anantmishra/Documents/GitHub/Evalis-GT/server/controllers/authController.js:555:13\n    at process.processTicksAndRejections (node:internal/process/task_queues:105:5)","timestamp":"2025-08-16 16:00:23:023"}
{"level":"\u001b[31merror\u001b[39m","message":"\u001b[31mError syncing Firebase password for anantmishra249@gmail.com: teacher not found with provided email/ID\u001b[39m","stack":"Error: teacher not found with provided email/ID\n    at /Users/anantmishra/Documents/GitHub/Evalis-GT/server/controllers/authController.js:555:13\n    at process.processTicksAndRejections (node:internal/process/task_queues:105:5)","timestamp":"2025-08-16 16:00:26:026"}
{"level":"\u001b[31merror\u001b[39m","message":"\u001b[31mError syncing Firebase password for anntmishraa@gmail.com: student not found with provided email/ID\u001b[39m","stack":"Error: student not found with provided email/ID\n    at /Users/anantmishra/Documents/GitHub/Evalis-GT/server/controllers/authController.js:555:13\n    at process.processTicksAndRejections (node:internal/process/task_queues:105:5)","timestamp":"2025-08-16 16:19:43:1943"}
{"level":"\u001b[31merror\u001b[39m","message":"\u001b[31mError syncing Firebase password for anntmishraa@gmail.com: student not found with provided email/ID\u001b[39m","stack":"Error: student not found with provided email/ID\n    at /Users/anantmishra/Documents/GitHub/Evalis-GT/server/controllers/authController.js:555:13\n    at process.processTicksAndRejections (node:internal/process/task_queues:105:5)","timestamp":"2025-08-16 16:33:20:3320"}
{"level":"\u001b[31merror\u001b[39m","message":"\u001b[31mError syncing Firebase password for anntmishraa@gmail.com: admin not found with provided email/ID\u001b[39m","stack":"Error: admin not found with provided email/ID\n    at /Users/anantmishra/Documents/GitHub/Evalis-GT/server/controllers/authController.js:555:13\n    at process.processTicksAndRejections (node:internal/process/task_queues:105:5)","timestamp":"2025-08-16 16:38:37:3837"}
{"level":"\u001b[31merror\u001b[39m","message":"\u001b[31mError syncing Firebase password for anntmishraa@gmail.com: student not found with provided email/ID\u001b[39m","stack":"Error: student not found with provided email/ID\n    at /Users/anantmishra/Documents/GitHub/Evalis-GT/server/controllers/authController.js:555:13\n    at process.processTicksAndRejections (node:internal/process/task_queues:105:5)","timestamp":"2025-08-16 16:39:23:3923"}
{"level":"\u001b[31merror\u001b[39m","message":"\u001b[31mError syncing Firebase password for anntmishraa@gmail.com: student not found with provided email/ID\u001b[39m","stack":"Error: student not found with provided email/ID\n    at /Users/anantmishra/Documents/GitHub/Evalis-GT/server/controllers/authController.js:555:13\n    at process.processTicksAndRejections (node:internal/process/task_queues:105:5)","timestamp":"2025-08-16 16:47:33:4733"}
{"level":"\u001b[31merror\u001b[39m","message":"\u001b[31mError syncing Firebase password for anntmishraa@gmail.com: student not found with provided email/ID\u001b[39m","stack":"Error: student not found with provided email/ID\n    at /Users/anantmishra/Documents/GitHub/Evalis-GT/server/controllers/authController.js:555:13\n    at process.processTicksAndRejections (node:internal/process/task_queues:105:5)","timestamp":"2025-08-16 17:32:01:321"}
{"code":"ERR_SERVER_NOT_RUNNING","level":"\u001b[31merror\u001b[39m","message":"\u001b[31mError during server shutdown: Server is not running.\u001b[39m","stack":"Error [ERR_SERVER_NOT_RUNNING]: Server is not running.\n    at Server.close (node:net:2359:12)\n    at Object.onceWrapper (node:events:621:28)\n    at Server.emit (node:events:507:28)\n    at emitCloseNT (node:net:2419:8)\n    at process.processTicksAndRejections (node:internal/process/task_queues:89:21)","timestamp":"2025-08-16 17:36:30:3630"}
{"code":"ERR_SERVER_NOT_RUNNING","level":"\u001b[31merror\u001b[39m","message":"\u001b[31mError during server shutdown: Server is not running.\u001b[39m","stack":"Error [ERR_SERVER_NOT_RUNNING]: Server is not running.\n    at Server.close (node:net:2359:12)\n    at Object.onceWrapper (node:events:621:28)\n    at Server.emit (node:events:519:35)\n    at emitCloseNT (node:net:2419:8)\n    at process.processTicksAndRejections (node:internal/process/task_queues:89:21)","timestamp":"2025-08-16 17:52:29:5229"}
{"level":"\u001b[31merror\u001b[39m","message":"\u001b[31mError syncing Firebase password for anntmishraa@gmail.com: Firebase Admin SDK not initialized\u001b[39m","stack":"Error: Firebase Admin SDK not initialized\n    at /Users/anantmishra/Documents/GitHub/Evalis-GT/server/controllers/authController.js:524:13\n    at asyncUtilWrap (/Users/anantmishra/Documents/GitHub/Evalis-GT/node_modules/express-async-handler/index.js:3:20)\n    at Layer.handle [as handle_request] (/Users/anantmishra/Documents/GitHub/Evalis-GT/server/node_modules/express/lib/router/layer.js:95:5)\n    at next (/Users/anantmishra/Documents/GitHub/Evalis-GT/server/node_modules/express/lib/router/route.js:149:13)\n    at authRateLimit (/Users/anantmishra/Documents/GitHub/Evalis-GT/server/middleware/rateLimitMiddleware.js:110:3)\n    at Layer.handle [as handle_request] (/Users/anantmishra/Documents/GitHub/Evalis-GT/server/node_modules/express/lib/router/layer.js:95:5)\n    at next (/Users/anantmishra/Documents/GitHub/Evalis-GT/server/node_modules/express/lib/router/route.js:149:13)\n    at Route.dispatch (/Users/anantmishra/Documents/GitHub/Evalis-GT/server/node_modules/express/lib/router/route.js:119:3)\n    at Layer.handle [as handle_request] (/Users/anantmishra/Documents/GitHub/Evalis-GT/server/node_modules/express/lib/router/layer.js:95:5)\n    at /Users/anantmishra/Documents/GitHub/Evalis-GT/server/node_modules/express/lib/router/index.js:284:15","timestamp":"2025-08-16 18:22:10:2210"}
{"level":"\u001b[31merror\u001b[39m","message":"\u001b[31mError syncing Firebase password for anntmishraa@gmail.com: Firebase Admin SDK not initialized\u001b[39m","stack":"Error: Firebase Admin SDK not initialized\n    at /Users/anantmishra/Documents/GitHub/Evalis-GT/server/controllers/authController.js:524:13\n    at asyncUtilWrap (/Users/anantmishra/Documents/GitHub/Evalis-GT/node_modules/express-async-handler/index.js:3:20)\n    at Layer.handle [as handle_request] (/Users/anantmishra/Documents/GitHub/Evalis-GT/server/node_modules/express/lib/router/layer.js:95:5)\n    at next (/Users/anantmishra/Documents/GitHub/Evalis-GT/server/node_modules/express/lib/router/route.js:149:13)\n    at authRateLimit (/Users/anantmishra/Documents/GitHub/Evalis-GT/server/middleware/rateLimitMiddleware.js:110:3)\n    at Layer.handle [as handle_request] (/Users/anantmishra/Documents/GitHub/Evalis-GT/server/node_modules/express/lib/router/layer.js:95:5)\n    at next (/Users/anantmishra/Documents/GitHub/Evalis-GT/server/node_modules/express/lib/router/route.js:149:13)\n    at Route.dispatch (/Users/anantmishra/Documents/GitHub/Evalis-GT/server/node_modules/express/lib/router/route.js:119:3)\n    at Layer.handle [as handle_request] (/Users/anantmishra/Documents/GitHub/Evalis-GT/server/node_modules/express/lib/router/layer.js:95:5)\n    at /Users/anantmishra/Documents/GitHub/Evalis-GT/server/node_modules/express/lib/router/index.js:284:15","timestamp":"2025-08-16 18:23:11:2311"}
{"level":"\u001b[31merror\u001b[39m","message":"\u001b[31mError syncing Firebase password for anntmishraa@gmail.com: Firebase Admin SDK not initialized\u001b[39m","stack":"Error: Firebase Admin SDK not initialized\n    at /Users/anantmishra/Documents/GitHub/Evalis-GT/server/controllers/authController.js:524:13\n    at asyncUtilWrap (/Users/anantmishra/Documents/GitHub/Evalis-GT/node_modules/express-async-handler/index.js:3:20)\n    at Layer.handle [as handle_request] (/Users/anantmishra/Documents/GitHub/Evalis-GT/server/node_modules/express/lib/router/layer.js:95:5)\n    at next (/Users/anantmishra/Documents/GitHub/Evalis-GT/server/node_modules/express/lib/router/route.js:149:13)\n    at authRateLimit (/Users/anantmishra/Documents/GitHub/Evalis-GT/server/middleware/rateLimitMiddleware.js:110:3)\n    at Layer.handle [as handle_request] (/Users/anantmishra/Documents/GitHub/Evalis-GT/server/node_modules/express/lib/router/layer.js:95:5)\n    at next (/Users/anantmishra/Documents/GitHub/Evalis-GT/server/node_modules/express/lib/router/route.js:149:13)\n    at Route.dispatch (/Users/anantmishra/Documents/GitHub/Evalis-GT/server/node_modules/express/lib/router/route.js:119:3)\n    at Layer.handle [as handle_request] (/Users/anantmishra/Documents/GitHub/Evalis-GT/server/node_modules/express/lib/router/layer.js:95:5)\n    at /Users/anantmishra/Documents/GitHub/Evalis-GT/server/node_modules/express/lib/router/index.js:284:15","timestamp":"2025-08-16 18:23:39:2339"}
{"level":"\u001b[31merror\u001b[39m","message":"\u001b[31mError starting server: Unknown constraint error\u001b[39m","timestamp":"2025-08-16 18:23:46:2346"}
{"level":"\u001b[31merror\u001b[39m","message":"\u001b[31mError syncing Firebase password for anntmishraa@gmail.com: Firebase Admin SDK not initialized\u001b[39m","stack":"Error: Firebase Admin SDK not initialized\n    at /Users/anantmishra/Documents/GitHub/Evalis-GT/server/controllers/authController.js:524:13\n    at asyncUtilWrap (/Users/anantmishra/Documents/GitHub/Evalis-GT/node_modules/express-async-handler/index.js:3:20)\n    at Layer.handle [as handle_request] (/Users/anantmishra/Documents/GitHub/Evalis-GT/server/node_modules/express/lib/router/layer.js:95:5)\n    at next (/Users/anantmishra/Documents/GitHub/Evalis-GT/server/node_modules/express/lib/router/route.js:149:13)\n    at authRateLimit (/Users/anantmishra/Documents/GitHub/Evalis-GT/server/middleware/rateLimitMiddleware.js:110:3)\n    at Layer.handle [as handle_request] (/Users/anantmishra/Documents/GitHub/Evalis-GT/server/node_modules/express/lib/router/layer.js:95:5)\n    at next (/Users/anantmishra/Documents/GitHub/Evalis-GT/server/node_modules/express/lib/router/route.js:149:13)\n    at Route.dispatch (/Users/anantmishra/Documents/GitHub/Evalis-GT/server/node_modules/express/lib/router/route.js:119:3)\n    at Layer.handle [as handle_request] (/Users/anantmishra/Documents/GitHub/Evalis-GT/server/node_modules/express/lib/router/layer.js:95:5)\n    at /Users/anantmishra/Documents/GitHub/Evalis-GT/server/node_modules/express/lib/router/index.js:284:15","timestamp":"2025-08-16 18:29:51:2951"}
{"level":"\u001b[31merror\u001b[39m","message":"\u001b[31mError starting server: Unknown constraint error\u001b[39m","timestamp":"2025-08-16 18:35:26:3526"}
{"level":"\u001b[31merror\u001b[39m","message":"\u001b[31mError starting server: Unknown constraint error\u001b[39m","timestamp":"2025-08-16 18:35:36:3536"}
{"level":"\u001b[31merror\u001b[39m","message":"\u001b[31mError starting server: Unknown constraint error\u001b[39m","timestamp":"2025-08-16 18:37:01:371"}
{"level":"\u001b[31merror\u001b[39m","message":"\u001b[31mError starting server: cache lookup failed for attribute 1 of relation 281884\u001b[39m","timestamp":"2025-08-16 18:37:10:3710"}
{"level":"\u001b[31merror\u001b[39m","message":"\u001b[31mError starting server: Unknown constraint error\u001b[39m","timestamp":"2025-08-16 19:06:51:651"}
{"level":"\u001b[31merror\u001b[39m","message":"\u001b[31mError syncing Firebase password for anntmishraa@gmail.com: student not found with provided email/ID\u001b[39m","stack":"Error: student not found with provided email/ID\n    at /Users/anantmishra/Documents/GitHub/Evalis-GT/server/controllers/authController.js:566:13\n    at process.processTicksAndRejections (node:internal/process/task_queues:105:5)","timestamp":"2025-08-16 19:20:46:2046"}
{"level":"\u001b[31merror\u001b[39m","message":"\u001b[31mError starting server: Unknown constraint error\u001b[39m","timestamp":"2025-08-16 19:28:23:2823"}
{"level":"\u001b[31merror\u001b[39m","message":"\u001b[31mError starting server: Unknown constraint error\u001b[39m","timestamp":"2025-08-16 19:28:45:2845"}
{"level":"\u001b[31merror\u001b[39m","message":"\u001b[31mError starting server: Unknown constraint error\u001b[39m","timestamp":"2025-08-16 19:29:00:290"}
{"level":"\u001b[31merror\u001b[39m","message":"\u001b[31mError syncing Firebase password for anntmishraa@gmail.com: student not found with provided email/ID\u001b[39m","stack":"Error: student not found with provided email/ID\n    at /Users/anantmishra/Documents/GitHub/Evalis-GT/server/controllers/authController.js:566:13\n    at process.processTicksAndRejections (node:internal/process/task_queues:105:5)","timestamp":"2025-08-16 19:33:51:3351"}
{"level":"\u001b[31merror\u001b[39m","message":"\u001b[31mError starting server: Unknown constraint error\u001b[39m","timestamp":"2025-08-16 19:33:58:3358"}
{"level":"\u001b[31merror\u001b[39m","message":"\u001b[31mError starting server: Unknown constraint error\u001b[39m","timestamp":"2025-08-16 19:42:00:420"}
{"level":"\u001b[31merror\u001b[39m","message":"\u001b[31mError starting server: Unknown constraint error\u001b[39m","timestamp":"2025-08-16 20:13:47:1347"}
{"level":"\u001b[31merror\u001b[39m","message":"\u001b[31mError starting server: Unknown constraint error\u001b[39m","timestamp":"2025-08-16 20:40:50:4050"}
{"level":"\u001b[31merror\u001b[39m","message":"\u001b[31mError starting server: Unknown constraint error\u001b[39m","timestamp":"2025-08-16 20:41:21:4121"}
{"level":"\u001b[31merror\u001b[39m","message":"\u001b[31mError starting server: Unknown constraint error\u001b[39m","timestamp":"2025-08-16 20:41:46:4146"}
{"code":"ERR_SERVER_NOT_RUNNING","level":"\u001b[31merror\u001b[39m","message":"\u001b[31mError during server shutdown: Server is not running.\u001b[39m","stack":"Error [ERR_SERVER_NOT_RUNNING]: Server is not running.\n    at Server.close (node:net:2359:12)\n    at Object.onceWrapper (node:events:621:28)\n    at Server.emit (node:events:507:28)\n    at emitCloseNT (node:net:2419:8)\n    at process.processTicksAndRejections (node:internal/process/task_queues:89:21)","timestamp":"2025-08-16 20:46:45:4645"}
{"code":"ERR_SERVER_NOT_RUNNING","level":"\u001b[31merror\u001b[39m","message":"\u001b[31mError during server shutdown: Server is not running.\u001b[39m","stack":"Error [ERR_SERVER_NOT_RUNNING]: Server is not running.\n    at Server.close (node:net:2359:12)\n    at Object.onceWrapper (node:events:621:28)\n    at Server.emit (node:events:519:35)\n    at emitCloseNT (node:net:2419:8)\n    at process.processTicksAndRejections (node:internal/process/task_queues:89:21)","timestamp":"2025-08-16 20:48:40:4840"}
{"level":"\u001b[31merror\u001b[39m","message":"\u001b[31mError syncing Firebase password for anntmishraa@gmail.com: student not found with provided email/ID\u001b[39m","stack":"Error: student not found with provided email/ID\n    at /Users/anantmishra/Documents/GitHub/Evalis-GT/server/controllers/authController.js:566:13\n    at process.processTicksAndRejections (node:internal/process/task_queues:105:5)","timestamp":"2025-08-16 21:01:10:110"}
{"level":"\u001b[31merror\u001b[39m","message":"\u001b[31mError starting server: Unknown constraint error\u001b[39m","timestamp":"2025-08-16 21:02:00:20"}
{"level":"\u001b[31merror\u001b[39m","message":"\u001b[31mError syncing Firebase password for anntmishraa@gmail.com: student not found with provided email/ID\u001b[39m","stack":"Error: student not found with provided email/ID\n    at /Users/anantmishra/Documents/GitHub/Evalis-GT/server/controllers/authController.js:566:13\n    at process.processTicksAndRejections (node:internal/process/task_queues:105:5)","timestamp":"2025-08-16 21:10:35:1035"}
{"level":"\u001b[31merror\u001b[39m","message":"\u001b[31mError syncing Firebase password for anntmishraa@gmail.com: student not found with provided email/ID\u001b[39m","stack":"Error: student not found with provided email/ID\n    at /Users/anantmishra/Documents/GitHub/Evalis-GT/server/controllers/authController.js:566:13\n    at process.processTicksAndRejections (node:internal/process/task_queues:105:5)","timestamp":"2025-08-16 21:14:45:1445"}
{"level":"\u001b[31merror\u001b[39m","message":"\u001b[31mError syncing Firebase password for anntmishraa@gmail.com: student not found with provided email/ID\u001b[39m","stack":"Error: student not found with provided email/ID\n    at /Users/anantmishra/Documents/GitHub/Evalis-GT/server/controllers/authController.js:566:13\n    at process.processTicksAndRejections (node:internal/process/task_queues:105:5)","timestamp":"2025-08-16 21:20:27:2027"}
{"level":"\u001b[31merror\u001b[39m","message":"\u001b[31mError syncing Firebase password for anntmishraa@gmail.com: student not found with provided email/ID\u001b[39m","stack":"Error: student not found with provided email/ID\n    at /Users/anantmishra/Documents/GitHub/Evalis-GT/server/controllers/authController.js:566:13\n    at process.processTicksAndRejections (node:internal/process/task_queues:105:5)","timestamp":"2025-08-16 21:24:21:2421"}
{"level":"\u001b[31merror\u001b[39m","message":"\u001b[31mError starting server: Unknown constraint error\u001b[39m","timestamp":"2025-08-16 21:26:49:2649"}
{"level":"\u001b[31merror\u001b[39m","message":"\u001b[31mError starting server: cache lookup failed for attribute 1 of relation 341350\u001b[39m","timestamp":"2025-08-16 21:27:10:2710"}
{"level":"\u001b[31merror\u001b[39m","message":"\u001b[31mError starting server: Unknown constraint error\u001b[39m","timestamp":"2025-08-16 21:27:22:2722"}
{"level":"\u001b[31merror\u001b[39m","message":"\u001b[31mError syncing Firebase password for anntmishraa@gmail.com: student not found with provided email/ID\u001b[39m","stack":"Error: student not found with provided email/ID\n    at /Users/anantmishra/Documents/GitHub/Evalis-GT/server/controllers/authController.js:566:13\n    at process.processTicksAndRejections (node:internal/process/task_queues:105:5)","timestamp":"2025-08-16 21:29:56:2956"}
{"level":"\u001b[31merror\u001b[39m","message":"\u001b[31mError syncing Firebase password for anntmishraa@gmail.com: student not found with provided email/ID\u001b[39m","stack":"Error: student not found with provided email/ID\n    at /Users/anantmishra/Documents/GitHub/Evalis-GT/server/controllers/authController.js:566:13\n    at process.processTicksAndRejections (node:internal/process/task_queues:105:5)","timestamp":"2025-08-16 21:38:13:3813"}
{"level":"\u001b[31merror\u001b[39m","message":"\u001b[31mError starting server: Unknown constraint error\u001b[39m","timestamp":"2025-08-16 21:41:59:4159"}
{"level":"\u001b[31merror\u001b[39m","message":"\u001b[31mError starting server: Unknown constraint error\u001b[39m","timestamp":"2025-08-16 21:43:49:4349"}
{"level":"\u001b[31merror\u001b[39m","message":"\u001b[31mError starting server: Unknown constraint error\u001b[39m","timestamp":"2025-08-16 21:45:47:4547"}
{"level":"\u001b[31merror\u001b[39m","message":"\u001b[31mError starting server: Unknown constraint error\u001b[39m","timestamp":"2025-08-16 21:49:13:4913"}
{"level":"\u001b[31merror\u001b[39m","message":"\u001b[31mError syncing Firebase password for anantmishra249@gmail.com: student not found with provided email/ID\u001b[39m","stack":"Error: student not found with provided email/ID\n    at /Users/anantmishra/Documents/GitHub/Evalis-GT/server/controllers/authController.js:566:13\n    at process.processTicksAndRejections (node:internal/process/task_queues:105:5)","timestamp":"2025-08-16 21:55:16:5516"}
{"level":"\u001b[31merror\u001b[39m","message":"\u001b[31mError starting server: Unknown constraint error\u001b[39m","timestamp":"2025-08-16 21:55:53:5553"}
{"level":"\u001b[31merror\u001b[39m","message":"\u001b[31mError starting server: Unknown constraint error\u001b[39m","timestamp":"2025-08-16 22:02:03:23"}
{"level":"\u001b[31merror\u001b[39m","message":"\u001b[31mError starting server: Unknown constraint error\u001b[39m","timestamp":"2025-08-16 22:02:40:240"}
{"level":"\u001b[31merror\u001b[39m","message":"\u001b[31mError starting server: Unknown constraint error\u001b[39m","timestamp":"2025-08-16 22:02:50:250"}
{"level":"\u001b[31merror\u001b[39m","message":"\u001b[31mError starting server: Unknown constraint error\u001b[39m","timestamp":"2025-08-16 22:02:58:258"}
{"level":"\u001b[31merror\u001b[39m","message":"\u001b[31mError starting server: Unknown constraint error\u001b[39m","timestamp":"2025-08-16 22:03:49:349"}
{"level":"\u001b[31merror\u001b[39m","message":"\u001b[31mError starting server: Unknown constraint error\u001b[39m","timestamp":"2025-08-16 22:04:08:48"}
{"level":"\u001b[31merror\u001b[39m","message":"\u001b[31mError starting server: Unknown constraint error\u001b[39m","timestamp":"2025-08-16 22:04:17:417"}
{"level":"\u001b[31merror\u001b[39m","message":"\u001b[31mError starting server: Unknown constraint error\u001b[39m","timestamp":"2025-08-16 22:05:00:50"}
{"level":"\u001b[31merror\u001b[39m","message":"\u001b[31mError syncing Firebase password for anantmishra249@gmail.com: student not found with provided email/ID\u001b[39m","stack":"Error: student not found with provided email/ID\n    at /Users/anantmishra/Documents/GitHub/Evalis-GT/server/controllers/authController.js:566:13\n    at process.processTicksAndRejections (node:internal/process/task_queues:105:5)","timestamp":"2025-08-16 22:06:49:649"}
{"code":"ERR_SERVER_NOT_RUNNING","level":"\u001b[31merror\u001b[39m","message":"\u001b[31mError during server shutdown: Server is not running.\u001b[39m","stack":"Error [ERR_SERVER_NOT_RUNNING]: Server is not running.\n    at Server.close (node:net:2359:12)\n    at Object.onceWrapper (node:events:621:28)\n    at Server.emit (node:events:519:35)\n    at emitCloseNT (node:net:2419:8)\n    at process.processTicksAndRejections (node:internal/process/task_queues:89:21)","timestamp":"2025-08-16 22:07:27:727"}
{"code":"ERR_SERVER_NOT_RUNNING","level":"\u001b[31merror\u001b[39m","message":"\u001b[31mError during server shutdown: Server is not running.\u001b[39m","stack":"Error [ERR_SERVER_NOT_RUNNING]: Server is not running.\n    at Server.close (node:net:2359:12)\n    at Object.onceWrapper (node:events:621:28)\n    at Server.emit (node:events:507:28)\n    at emitCloseNT (node:net:2419:8)\n    at process.processTicksAndRejections (node:internal/process/task_queues:89:21)","timestamp":"2025-08-16 22:08:00:80"}
{"code":"ERR_SERVER_NOT_RUNNING","level":"\u001b[31merror\u001b[39m","message":"\u001b[31mError during server shutdown: Server is not running.\u001b[39m","stack":"Error [ERR_SERVER_NOT_RUNNING]: Server is not running.\n    at Server.close (node:net:2359:12)\n    at Object.onceWrapper (node:events:621:28)\n    at Server.emit (node:events:507:28)\n    at emitCloseNT (node:net:2419:8)\n    at process.processTicksAndRejections (node:internal/process/task_queues:89:21)","timestamp":"2025-08-16 22:08:01:81"}
{"code":"ERR_SERVER_NOT_RUNNING","level":"\u001b[31merror\u001b[39m","message":"\u001b[31mError during server shutdown: Server is not running.\u001b[39m","stack":"Error [ERR_SERVER_NOT_RUNNING]: Server is not running.\n    at Server.close (node:net:2359:12)\n    at Object.onceWrapper (node:events:621:28)\n    at Server.emit (node:events:519:35)\n    at emitCloseNT (node:net:2419:8)\n    at process.processTicksAndRejections (node:internal/process/task_queues:89:21)","timestamp":"2025-08-16 22:08:01:81"}
{"level":"\u001b[31merror\u001b[39m","message":"\u001b[31mError syncing Firebase password for anntmishraa@gmail.com: student not found with provided email/ID\u001b[39m","stack":"Error: student not found with provided email/ID\n    at /Users/anantmishra/Documents/GitHub/Evalis-GT/server/controllers/authController.js:566:13\n    at process.processTicksAndRejections (node:internal/process/task_queues:105:5)","timestamp":"2025-08-16 22:10:15:1015"}
{"code":"ERR_SERVER_NOT_RUNNING","level":"\u001b[31merror\u001b[39m","message":"\u001b[31mError during server shutdown: Server is not running.\u001b[39m","stack":"Error [ERR_SERVER_NOT_RUNNING]: Server is not running.\n    at Server.close (node:net:2359:12)\n    at Object.onceWrapper (node:events:621:28)\n    at Server.emit (node:events:519:35)\n    at emitCloseNT (node:net:2419:8)\n    at process.processTicksAndRejections (node:internal/process/task_queues:89:21)","timestamp":"2025-08-16 22:16:48:1648"}
{"level":"\u001b[31merror\u001b[39m","message":"\u001b[31mError syncing Firebase password for anntmishraa@gmail.com: teacher not found with provided email/ID\u001b[39m","stack":"Error: teacher not found with provided email/ID\n    at /Users/anantmishra/Documents/GitHub/Evalis-GT/server/controllers/authController.js:566:13\n    at process.processTicksAndRejections (node:internal/process/task_queues:105:5)","timestamp":"2025-08-16 22:26:42:2642"}
{"code":"ERR_SERVER_NOT_RUNNING","level":"\u001b[31merror\u001b[39m","message":"\u001b[31mError during server shutdown: Server is not running.\u001b[39m","stack":"Error [ERR_SERVER_NOT_RUNNING]: Server is not running.\n    at Server.close (node:net:2359:12)\n    at Object.onceWrapper (node:events:621:28)\n    at Server.emit (node:events:519:35)\n    at emitCloseNT (node:net:2419:8)\n    at process.processTicksAndRejections (node:internal/process/task_queues:89:21)","timestamp":"2025-08-16 22:28:52:2852"}
{"level":"\u001b[31merror\u001b[39m","message":"\u001b[31mError starting server: Unknown constraint error\u001b[39m","timestamp":"2025-08-16 23:11:52:1152"}
{"level":"\u001b[31merror\u001b[39m","message":"\u001b[31mError starting server: Unknown constraint error\u001b[39m","timestamp":"2025-08-16 23:14:59:1459"}
{"level":"\u001b[31merror\u001b[39m","message":"\u001b[31mError starting server: Unknown constraint error\u001b[39m","timestamp":"2025-08-16 23:16:29:1629"}
{"level":"\u001b[31merror\u001b[39m","message":"\u001b[31mError starting server: Unknown constraint error\u001b[39m","timestamp":"2025-08-16 23:20:01:201"}
{"level":"\u001b[31merror\u001b[39m","message":"\u001b[31mError starting server: Unknown constraint error\u001b[39m","timestamp":"2025-08-16 23:20:43:2043"}
{"level":"\u001b[31merror\u001b[39m","message":"\u001b[31mError starting server: Unknown constraint error\u001b[39m","timestamp":"2025-08-16 23:21:02:212"}
{"level":"\u001b[31merror\u001b[39m","message":"\u001b[31mError starting server: Unknown constraint error\u001b[39m","timestamp":"2025-08-16 23:27:03:273"}
{"level":"\u001b[31merror\u001b[39m","message":"\u001b[31mError starting server: Unknown constraint error\u001b[39m","timestamp":"2025-08-16 23:41:29:4129"}
{"level":"\u001b[31merror\u001b[39m","message":"\u001b[31mError starting server: Unknown constraint error\u001b[39m","timestamp":"2025-08-16 23:41:37:4137"}
{"level":"\u001b[31merror\u001b[39m","message":"\u001b[31mError starting server: Unknown constraint error\u001b[39m","timestamp":"2025-08-17 00:53:09:539"}
{"level":"\u001b[31merror\u001b[39m","message":"\u001b[31mError starting server: Unknown constraint error\u001b[39m","timestamp":"2025-08-17 00:56:50:5650"}
{"level":"\u001b[31merror\u001b[39m","message":"\u001b[31mError starting server: Unknown constraint error\u001b[39m","timestamp":"2025-08-17 01:00:18:018"}
{"level":"\u001b[31merror\u001b[39m","message":"\u001b[31mError starting server: Unknown constraint error\u001b[39m","timestamp":"2025-08-17 01:00:31:031"}
{"level":"\u001b[31merror\u001b[39m","message":"\u001b[31mError starting server: Unknown constraint error\u001b[39m","timestamp":"2025-08-17 01:00:40:040"}
{"level":"\u001b[31merror\u001b[39m","message":"\u001b[31mError starting server: Unknown constraint error\u001b[39m","timestamp":"2025-08-17 01:00:53:053"}
{"level":"\u001b[31merror\u001b[39m","message":"\u001b[31mError starting server: Unknown constraint error\u001b[39m","timestamp":"2025-08-17 01:01:20:120"}
{"level":"\u001b[31merror\u001b[39m","message":"\u001b[31mError starting server: Unknown constraint error\u001b[39m","timestamp":"2025-08-17 01:03:56:356"}
{"level":"\u001b[31merror\u001b[39m","message":"\u001b[31mError starting server: Unknown constraint error\u001b[39m","timestamp":"2025-08-17 01:04:49:449"}
{"level":"\u001b[31merror\u001b[39m","message":"\u001b[31mError starting server: Unknown constraint error\u001b[39m","timestamp":"2025-08-17 01:07:51:751"}
{"level":"\u001b[31merror\u001b[39m","message":"\u001b[31mError starting server: Unknown constraint error\u001b[39m","timestamp":"2025-08-17 01:08:04:84"}
{"level":"\u001b[31merror\u001b[39m","message":"\u001b[31mError starting server: Unknown constraint error\u001b[39m","timestamp":"2025-08-17 01:08:36:836"}
{"level":"\u001b[31merror\u001b[39m","message":"\u001b[31mError starting server: Unknown constraint error\u001b[39m","timestamp":"2025-08-17 01:09:02:92"}
{"level":"\u001b[31merror\u001b[39m","message":"\u001b[31mError starting server: Unknown constraint error\u001b[39m","timestamp":"2025-08-17 01:11:35:1135"}
{"level":"\u001b[31merror\u001b[39m","message":"\u001b[31mError starting server: Unknown constraint error\u001b[39m","timestamp":"2025-08-17 01:11:49:1149"}
{"level":"\u001b[31merror\u001b[39m","message":"\u001b[31mError starting server: Unknown constraint error\u001b[39m","timestamp":"2025-08-17 01:12:32:1232"}
{"level":"\u001b[31merror\u001b[39m","message":"\u001b[31mError starting server: Unknown constraint error\u001b[39m","timestamp":"2025-08-17 01:13:14:1314"}
